TN:
SF:/Users/apple/D/project/validate-form/src/baseType.js
FN:6,isString
FN:9,isBoolean
FN:12,isNumber
FN:15,isObject
FN:18,isArray
FN:21,isFunction
FNF:6
FNH:6
FNDA:73,isString
FNDA:18,isBoolean
FNDA:70,isNumber
FNDA:65,isObject
FNDA:35,isArray
FNDA:16,isFunction
DA:1,1
DA:5,1
DA:7,73
DA:10,18
DA:13,70
DA:16,65
DA:19,35
DA:22,16
LF:8
LH:8
BRDA:7,0,0,73
BRDA:7,0,1,64
BRF:2
BRH:2
end_of_record
TN:
SF:/Users/apple/D/project/validate-form/src/validate-form.js
FN:6,validateDataOfBaseType
FN:35,ValidateForm
FN:57,validate
FN:75,(anonymous_3)
FN:83,(anonymous_4)
FN:57,$checkIsEmpty
FN:57,$isNull
FN:57,$checkIsBaseType
FN:57,$getEmptyErrorPrompt
FN:57,$addErrorTxt
FN:57,$getType
FN:57,$validateStringValue
FN:57,$validateNumberValue
FN:57,setRules
FNF:14
FNH:14
FNDA:229,validateDataOfBaseType
FNDA:42,ValidateForm
FNDA:34,validate
FNDA:115,(anonymous_3)
FNDA:179,(anonymous_4)
FNDA:179,$checkIsEmpty
FNDA:115,$isNull
FNDA:147,$checkIsBaseType
FNDA:115,$getEmptyErrorPrompt
FNDA:21,$addErrorTxt
FNDA:177,$getType
FNDA:29,$validateStringValue
FNDA:24,$validateNumberValue
FNDA:8,setRules
DA:4,1
DA:7,229
DA:8,229
DA:10,67
DA:11,67
DA:13,9
DA:14,9
DA:16,60
DA:17,60
DA:19,58
DA:20,58
DA:22,27
DA:23,27
DA:25,8
DA:26,8
DA:28,229
DA:35,42
DA:37,42
DA:38,42
DA:40,42
DA:43,42
DA:45,42
DA:46,42
DA:52,42
DA:55,1
DA:58,34
DA:59,34
DA:60,0
DA:61,0
DA:68,34
DA:70,34
DA:71,34
DA:72,34
DA:73,34
DA:75,34
DA:76,115
DA:77,115
DA:79,115
DA:81,115
DA:83,112
DA:84,179
DA:85,1074
DA:86,179
DA:87,179
DA:90,179
DA:91,177
DA:93,177
DA:95,147
DA:96,147
DA:98,147
DA:100,147
DA:102,53
DA:103,29
DA:104,29
DA:106,24
DA:107,24
DA:110,147
DA:111,18
DA:112,18
DA:113,18
DA:119,30
DA:121,30
DA:123,16
DA:124,30
DA:125,3
DA:126,3
DA:127,3
DA:131,179
DA:134,112
DA:136,107
DA:138,34
DA:139,34
DA:147,179
DA:152,115
DA:156,147
DA:160,115
DA:166,21
DA:167,19
DA:169,2
DA:175,177
DA:176,177
DA:181,29
DA:182,29
DA:183,25
DA:184,4
DA:185,2
DA:186,2
DA:187,2
DA:189,29
DA:194,24
DA:195,24
DA:196,20
DA:197,4
DA:198,2
DA:199,2
DA:200,2
DA:202,24
DA:206,8
LF:98
LH:96
BRDA:9,0,0,67
BRDA:9,0,1,9
BRDA:9,0,2,60
BRDA:9,0,3,58
BRDA:9,0,4,27
BRDA:9,0,5,8
BRDA:35,1,0,0
BRDA:35,1,1,42
BRDA:35,2,0,42
BRDA:35,2,1,0
BRDA:43,3,0,42
BRDA:43,3,1,42
BRDA:52,4,0,42
BRDA:52,4,1,42
BRDA:59,5,0,0
BRDA:59,5,1,34
BRDA:70,6,0,1
BRDA:70,6,1,33
BRDA:81,7,0,3
BRDA:81,7,1,112
BRDA:81,8,0,115
BRDA:81,8,1,5
BRDA:87,9,0,179
BRDA:87,9,1,14
BRDA:90,10,0,177
BRDA:90,10,1,2
BRDA:90,11,0,179
BRDA:90,11,1,3
BRDA:93,12,0,147
BRDA:93,12,1,30
BRDA:95,13,0,147
BRDA:95,13,1,0
BRDA:98,14,0,8
BRDA:98,14,1,139
BRDA:100,15,0,53
BRDA:100,15,1,94
BRDA:100,16,0,147
BRDA:100,16,1,139
BRDA:100,16,2,81
BRDA:100,16,3,106
BRDA:100,16,4,57
BRDA:102,17,0,29
BRDA:102,17,1,24
BRDA:106,18,0,24
BRDA:106,18,1,0
BRDA:110,19,0,18
BRDA:110,19,1,129
BRDA:121,20,0,14
BRDA:121,20,1,16
BRDA:123,21,0,2
BRDA:123,21,1,14
BRDA:124,22,0,3
BRDA:124,22,1,27
BRDA:127,23,0,3
BRDA:127,23,1,0
BRDA:134,24,0,5
BRDA:134,24,1,107
BRDA:136,25,0,19
BRDA:136,25,1,88
BRDA:138,26,0,33
BRDA:138,26,1,1
BRDA:140,27,0,33
BRDA:140,27,1,1
BRDA:147,28,0,179
BRDA:147,28,1,18
BRDA:152,29,0,115
BRDA:152,29,1,115
BRDA:166,30,0,19
BRDA:166,30,1,2
BRDA:175,31,0,177
BRDA:175,31,1,147
BRDA:176,32,0,147
BRDA:176,32,1,30
BRDA:182,33,0,25
BRDA:182,33,1,4
BRDA:182,34,0,29
BRDA:182,34,1,27
BRDA:183,35,0,4
BRDA:183,35,1,21
BRDA:183,36,0,25
BRDA:183,36,1,22
BRDA:184,37,0,2
BRDA:184,37,1,2
BRDA:185,38,0,1
BRDA:185,38,1,1
BRDA:186,39,0,2
BRDA:186,39,1,0
BRDA:187,40,0,1
BRDA:187,40,1,1
BRDA:195,41,0,20
BRDA:195,41,1,4
BRDA:195,42,0,24
BRDA:195,42,1,22
BRDA:196,43,0,2
BRDA:196,43,1,18
BRDA:196,44,0,20
BRDA:196,44,1,19
BRDA:197,45,0,2
BRDA:197,45,1,2
BRDA:198,46,0,1
BRDA:198,46,1,1
BRDA:199,47,0,2
BRDA:199,47,1,0
BRDA:200,48,0,1
BRDA:200,48,1,1
BRF:105
BRH:97
end_of_record
