TN:
SF:/Users/apple/D/project/validate-form/src/baseType.js
FN:6,isString
FN:9,isBoolean
FN:12,isNumber
FN:15,isObject
FN:18,isArray
FN:21,isFunction
FNF:6
FNH:6
FNDA:59,isString
FNDA:8,isBoolean
FNDA:53,isNumber
FNDA:53,isObject
FNDA:25,isArray
FNDA:8,isFunction
DA:1,1
DA:5,1
DA:7,59
DA:10,8
DA:13,53
DA:16,53
DA:19,25
DA:22,8
LF:8
LH:8
BRDA:7,0,0,59
BRDA:7,0,1,54
BRF:2
BRH:2
end_of_record
TN:
SF:/Users/apple/D/project/validate-form/src/validate-form.js
FN:10,ValidateForm
FN:24,validate
FN:40,(anonymous_2)
FN:48,(anonymous_3)
FN:24,$checkIsEmpty
FN:24,$checkIsBaseType
FN:24,$getEmptyErrorPrompt
FN:24,$validateDataOfBaseType
FN:24,$addErrorTxt
FN:24,$getType
FN:24,$validateStringValue
FN:24,$validateNumberValue
FN:24,setRules
FNF:13
FNH:13
FNDA:34,ValidateForm
FNDA:30,validate
FNDA:100,(anonymous_2)
FNDA:159,(anonymous_3)
FNDA:159,$checkIsEmpty
FNDA:129,$checkIsBaseType
FNDA:100,$getEmptyErrorPrompt
FNDA:159,$validateDataOfBaseType
FNDA:19,$addErrorTxt
FNDA:157,$getType
FNDA:25,$validateStringValue
FNDA:21,$validateNumberValue
FNDA:8,setRules
DA:4,1
DA:10,34
DA:12,34
DA:13,34
DA:15,34
DA:18,34
DA:20,34
DA:21,34
DA:25,30
DA:26,30
DA:27,0
DA:28,0
DA:34,30
DA:36,30
DA:37,30
DA:38,30
DA:40,30
DA:41,100
DA:42,100
DA:44,100
DA:48,100
DA:49,159
DA:50,954
DA:51,159
DA:52,159
DA:55,159
DA:56,157
DA:58,157
DA:60,129
DA:61,129
DA:63,129
DA:65,129
DA:67,46
DA:68,25
DA:69,25
DA:71,21
DA:72,21
DA:75,129
DA:76,16
DA:77,16
DA:78,16
DA:84,28
DA:86,28
DA:88,15
DA:89,28
DA:90,3
DA:91,3
DA:92,3
DA:96,159
DA:99,100
DA:101,95
DA:103,30
DA:104,30
DA:112,159
DA:116,129
DA:120,100
DA:124,159
DA:125,159
DA:127,53
DA:128,53
DA:130,0
DA:131,0
DA:133,43
DA:134,43
DA:136,46
DA:137,46
DA:139,17
DA:140,17
DA:142,0
DA:143,0
DA:145,159
DA:149,19
DA:150,17
DA:152,2
DA:158,157
DA:159,157
DA:164,25
DA:165,25
DA:166,21
DA:167,4
DA:168,2
DA:169,2
DA:170,2
DA:172,25
DA:177,21
DA:178,21
DA:179,17
DA:180,4
DA:181,2
DA:182,2
DA:183,2
DA:185,21
DA:189,8
LF:93
LH:87
BRDA:10,0,0,0
BRDA:10,0,1,34
BRDA:10,1,0,34
BRDA:10,1,1,0
BRDA:18,2,0,34
BRDA:18,2,1,34
BRDA:26,3,0,0
BRDA:26,3,1,30
BRDA:36,4,0,1
BRDA:36,4,1,29
BRDA:52,5,0,159
BRDA:52,5,1,13
BRDA:55,6,0,157
BRDA:55,6,1,2
BRDA:55,7,0,159
BRDA:55,7,1,3
BRDA:58,8,0,129
BRDA:58,8,1,28
BRDA:60,9,0,129
BRDA:60,9,1,0
BRDA:63,10,0,6
BRDA:63,10,1,123
BRDA:65,11,0,46
BRDA:65,11,1,83
BRDA:65,12,0,129
BRDA:65,12,1,123
BRDA:65,12,2,73
BRDA:65,12,3,92
BRDA:65,12,4,50
BRDA:67,13,0,25
BRDA:67,13,1,21
BRDA:71,14,0,21
BRDA:71,14,1,0
BRDA:75,15,0,16
BRDA:75,15,1,113
BRDA:86,16,0,13
BRDA:86,16,1,15
BRDA:88,17,0,2
BRDA:88,17,1,13
BRDA:89,18,0,3
BRDA:89,18,1,25
BRDA:92,19,0,3
BRDA:92,19,1,0
BRDA:99,20,0,5
BRDA:99,20,1,95
BRDA:101,21,0,17
BRDA:101,21,1,78
BRDA:103,22,0,29
BRDA:103,22,1,1
BRDA:105,23,0,29
BRDA:105,23,1,1
BRDA:112,24,0,159
BRDA:112,24,1,16
BRDA:126,25,0,53
BRDA:126,25,1,0
BRDA:126,25,2,43
BRDA:126,25,3,46
BRDA:126,25,4,17
BRDA:126,25,5,0
BRDA:149,26,0,17
BRDA:149,26,1,2
BRDA:158,27,0,157
BRDA:158,27,1,129
BRDA:159,28,0,129
BRDA:159,28,1,28
BRDA:165,29,0,21
BRDA:165,29,1,4
BRDA:165,30,0,25
BRDA:165,30,1,23
BRDA:166,31,0,4
BRDA:166,31,1,17
BRDA:166,32,0,21
BRDA:166,32,1,18
BRDA:167,33,0,2
BRDA:167,33,1,2
BRDA:168,34,0,1
BRDA:168,34,1,1
BRDA:169,35,0,2
BRDA:169,35,1,0
BRDA:170,36,0,1
BRDA:170,36,1,1
BRDA:178,37,0,17
BRDA:178,37,1,4
BRDA:178,38,0,21
BRDA:178,38,1,19
BRDA:179,39,0,2
BRDA:179,39,1,15
BRDA:179,40,0,17
BRDA:179,40,1,16
BRDA:180,41,0,2
BRDA:180,41,1,2
BRDA:181,42,0,1
BRDA:181,42,1,1
BRDA:182,43,0,2
BRDA:182,43,1,0
BRDA:183,44,0,1
BRDA:183,44,1,1
BRF:97
BRH:87
end_of_record
